2024-10-23T18:18:20.442+05:00  INFO 20956 --- [main] c.example.kakashka.KakashkaApplication   : Starting KakashkaApplication using Java 23 with PID 20956 (D:\kakashka\target\classes started by assii in D:\kakashka)
2024-10-23T18:18:20.444+05:00 DEBUG 20956 --- [main] c.example.kakashka.KakashkaApplication   : Running with Spring Boot v3.3.4, Spring v6.1.13
2024-10-23T18:18:20.445+05:00  INFO 20956 --- [main] c.example.kakashka.KakashkaApplication   : No active profile set, falling back to 1 default profile: "default"
2024-10-23T18:18:21.084+05:00  INFO 20956 --- [main] .s.d.r.c.RepositoryConfigurationDelegate : Bootstrapping Spring Data JPA repositories in DEFAULT mode.
2024-10-23T18:18:21.127+05:00  INFO 20956 --- [main] .s.d.r.c.RepositoryConfigurationDelegate : Finished Spring Data repository scanning in 37 ms. Found 2 JPA repository interfaces.
2024-10-23T18:18:21.662+05:00  INFO 20956 --- [main] o.s.b.w.embedded.tomcat.TomcatWebServer  : Tomcat initialized with port 8080 (http)
2024-10-23T18:18:21.682+05:00  INFO 20956 --- [main] o.apache.catalina.core.StandardService   : Starting service [Tomcat]
2024-10-23T18:18:21.682+05:00  INFO 20956 --- [main] o.apache.catalina.core.StandardEngine    : Starting Servlet engine: [Apache Tomcat/10.1.30]
2024-10-23T18:18:21.742+05:00  INFO 20956 --- [main] o.a.c.c.C.[Tomcat].[localhost].[/]       : Initializing Spring embedded WebApplicationContext
2024-10-23T18:18:21.742+05:00  INFO 20956 --- [main] w.s.c.ServletWebServerApplicationContext : Root WebApplicationContext: initialization completed in 1235 ms
2024-10-23T18:18:21.929+05:00  INFO 20956 --- [main] o.hibernate.jpa.internal.util.LogHelper  : HHH000204: Processing PersistenceUnitInfo [name: default]
2024-10-23T18:18:21.983+05:00  INFO 20956 --- [main] org.hibernate.Version                    : HHH000412: Hibernate ORM core version 6.5.3.Final
2024-10-23T18:18:22.012+05:00  INFO 20956 --- [main] o.h.c.internal.RegionFactoryInitiator    : HHH000026: Second-level cache disabled
2024-10-23T18:18:22.242+05:00  INFO 20956 --- [main] o.s.o.j.p.SpringPersistenceUnitInfo      : No LoadTimeWeaver setup: ignoring JPA class transformer
2024-10-23T18:18:22.267+05:00  INFO 20956 --- [main] com.zaxxer.hikari.HikariDataSource       : HikariPool-1 - Starting...
2024-10-23T18:18:22.427+05:00  INFO 20956 --- [main] com.zaxxer.hikari.pool.HikariPool        : HikariPool-1 - Added connection org.postgresql.jdbc.PgConnection@48c5698
2024-10-23T18:18:22.428+05:00  INFO 20956 --- [main] com.zaxxer.hikari.HikariDataSource       : HikariPool-1 - Start completed.
2024-10-23T18:18:23.099+05:00  INFO 20956 --- [main] o.h.e.t.j.p.i.JtaPlatformInitiator       : HHH000489: No JTA platform available (set 'hibernate.transaction.jta.platform' to enable JTA platform integration)
2024-10-23T18:18:23.163+05:00  INFO 20956 --- [main] j.LocalContainerEntityManagerFactoryBean : Initialized JPA EntityManagerFactory for persistence unit 'default'
2024-10-23T18:18:23.529+05:00  WARN 20956 --- [main] JpaBaseConfiguration$JpaWebConfiguration : spring.jpa.open-in-view is enabled by default. Therefore, database queries may be performed during view rendering. Explicitly configure spring.jpa.open-in-view to disable this warning
2024-10-23T18:18:23.551+05:00  WARN 20956 --- [main] .s.s.UserDetailsServiceAutoConfiguration : 

Using generated security password: 193d3d25-8df9-4a45-b542-9358d89e833d

This generated password is for development use only. Your security configuration must be updated before running your application in production.

2024-10-23T18:18:23.564+05:00  INFO 20956 --- [main] r$InitializeUserDetailsManagerConfigurer : Global AuthenticationManager configured with UserDetailsService bean with name inMemoryUserDetailsManager
2024-10-23T18:18:23.655+05:00  INFO 20956 --- [main] o.s.b.a.w.s.WelcomePageHandlerMapping    : Adding welcome page template: index
2024-10-23T18:18:24.127+05:00  INFO 20956 --- [main] o.s.b.w.embedded.tomcat.TomcatWebServer  : Tomcat started on port 8080 (http) with context path '/'
2024-10-23T18:18:24.138+05:00  INFO 20956 --- [main] c.example.kakashka.KakashkaApplication   : Started KakashkaApplication in 4.124 seconds (process running for 4.506)
2024-10-23T18:18:30.947+05:00  INFO 20956 --- [http-nio-8080-exec-1] o.a.c.c.C.[Tomcat].[localhost].[/]       : Initializing Spring DispatcherServlet 'dispatcherServlet'
2024-10-23T18:18:30.947+05:00  INFO 20956 --- [http-nio-8080-exec-1] o.s.web.servlet.DispatcherServlet        : Initializing Servlet 'dispatcherServlet'
2024-10-23T18:18:30.948+05:00  INFO 20956 --- [http-nio-8080-exec-1] o.s.web.servlet.DispatcherServlet        : Completed initialization in 1 ms
2024-10-23T18:19:52.546+05:00  INFO 20956 --- [SpringApplicationShutdownHook] j.LocalContainerEntityManagerFactoryBean : Closing JPA EntityManagerFactory for persistence unit 'default'
2024-10-23T18:19:52.548+05:00  INFO 20956 --- [SpringApplicationShutdownHook] com.zaxxer.hikari.HikariDataSource       : HikariPool-1 - Shutdown initiated...
2024-10-23T18:19:52.550+05:00  INFO 20956 --- [SpringApplicationShutdownHook] com.zaxxer.hikari.HikariDataSource       : HikariPool-1 - Shutdown completed.
